app/build/intermediates/manifest_merge_blame_file/release/processReleaseMainManifest/manifest-merger-blame-release-report.txt
1<?xml version="1.0" encoding="utf-8"?>
2<manifest xmlns:android="http://schemas.android.com/apk/res/android"
3    package="com.example.sisig"
4    android:versionCode="1"
5    android:versionName="1.0" >
6
7    <uses-sdk
8        android:minSdkVersion="27"
9        android:targetSdkVersion="34" />
10
11    <uses-permission android:name="android.permission.INTERNET" />
11-->src/main/AndroidManifest.xml:5:5-67
11-->src/main/AndroidManifest.xml:5:22-64
12    <uses-permission android:name="android.permission.USE_BIOMETRIC" />
12-->src/main/AndroidManifest.xml:6:5-72
12-->src/main/AndroidManifest.xml:6:22-69
13    <uses-permission android:name="android.permission.ACCESS_NETWORK_STATE" />
13-->src/main/AndroidManifest.xml:7:5-79
13-->src/main/AndroidManifest.xml:7:22-76
14    <uses-permission android:name="android.permission.ACCESS_COARSE_LOCATION" />
14-->src/main/AndroidManifest.xml:8:5-80
14-->src/main/AndroidManifest.xml:8:22-78
15    <uses-permission android:name="android.permission.ACCESS_FINE_LOCATION" />
15-->src/main/AndroidManifest.xml:9:5-78
15-->src/main/AndroidManifest.xml:9:22-76
16
17    <!-- suppress DeprecatedClassUsageInspection -->
18    <uses-permission android:name="android.permission.USE_FINGERPRINT" />
18-->[androidx.biometric:biometric:1.1.0] AndroidManifest.xml:27:5-74
18-->[androidx.biometric:biometric:1.1.0] AndroidManifest.xml:27:22-71
19
20    <permission
20-->[androidx.core:core:1.13.1] AndroidManifest.xml:22:5-24:47
21        android:name="com.example.sisig.DYNAMIC_RECEIVER_NOT_EXPORTED_PERMISSION"
21-->[androidx.core:core:1.13.1] AndroidManifest.xml:23:9-81
22        android:protectionLevel="signature" />
22-->[androidx.core:core:1.13.1] AndroidManifest.xml:24:9-44
23
24    <uses-permission android:name="com.example.sisig.DYNAMIC_RECEIVER_NOT_EXPORTED_PERMISSION" />
24-->[androidx.core:core:1.13.1] AndroidManifest.xml:26:5-97
24-->[androidx.core:core:1.13.1] AndroidManifest.xml:26:22-94
25    <uses-permission android:name="android.permission.REORDER_TASKS" />
25-->[androidx.test:core:1.6.1] AndroidManifest.xml:24:5-72
25-->[androidx.test:core:1.6.1] AndroidManifest.xml:24:22-69
26
27    <queries>
27-->[androidx.test:runner:1.6.1] AndroidManifest.xml:24:5-28:15
28        <package android:name="androidx.test.orchestrator" />
28-->[androidx.test:runner:1.6.1] AndroidManifest.xml:25:9-62
28-->[androidx.test:runner:1.6.1] AndroidManifest.xml:25:18-59
29        <package android:name="androidx.test.services" />
29-->[androidx.test:runner:1.6.1] AndroidManifest.xml:26:9-58
29-->[androidx.test:runner:1.6.1] AndroidManifest.xml:26:18-55
30        <package android:name="com.google.android.apps.common.testing.services" />
30-->[androidx.test:runner:1.6.1] AndroidManifest.xml:27:9-83
30-->[androidx.test:runner:1.6.1] AndroidManifest.xml:27:18-80
31    </queries>
32
33    <application
33-->src/main/AndroidManifest.xml:11:5-38:19
34        android:allowBackup="true"
34-->src/main/AndroidManifest.xml:12:9-35
35        android:appComponentFactory="androidx.core.app.CoreComponentFactory"
35-->[androidx.core:core:1.13.1] AndroidManifest.xml:28:18-86
36        android:dataExtractionRules="@xml/data_extraction_rules"
36-->src/main/AndroidManifest.xml:13:9-65
37        android:extractNativeLibs="false"
38        android:fullBackupContent="@xml/backup_rules"
38-->src/main/AndroidManifest.xml:14:9-54
39        android:icon="@drawable/logo_nobg"
39-->src/main/AndroidManifest.xml:15:9-43
40        android:label="@string/app_name"
40-->src/main/AndroidManifest.xml:16:9-41
41        android:networkSecurityConfig="@xml/network_security_config"
41-->src/main/AndroidManifest.xml:21:9-69
42        android:roundIcon="@drawable/logo_nobg"
42-->src/main/AndroidManifest.xml:17:9-48
43        android:supportsRtl="true"
43-->src/main/AndroidManifest.xml:18:9-35
44        android:theme="@style/Theme.AppCompat.Light" >
44-->src/main/AndroidManifest.xml:19:9-53
45        <activity
45-->src/main/AndroidManifest.xml:23:9-30:20
46            android:name="com.example.sisig.MainActivity"
46-->src/main/AndroidManifest.xml:24:13-41
47            android:exported="true" >
47-->src/main/AndroidManifest.xml:25:13-36
48            <intent-filter>
48-->src/main/AndroidManifest.xml:26:13-29:29
49                <action android:name="android.intent.action.MAIN" />
49-->src/main/AndroidManifest.xml:27:17-69
49-->src/main/AndroidManifest.xml:27:25-66
50
51                <category android:name="android.intent.category.LAUNCHER" />
51-->src/main/AndroidManifest.xml:28:17-77
51-->src/main/AndroidManifest.xml:28:27-74
52            </intent-filter>
53        </activity>
54        <activity android:name="com.example.sisig.DashboardActivity" />
54-->src/main/AndroidManifest.xml:32:9-55
54-->src/main/AndroidManifest.xml:32:19-52
55        <activity android:name="com.example.sisig.HomeActivity" />
55-->src/main/AndroidManifest.xml:33:9-50
55-->src/main/AndroidManifest.xml:33:19-47
56        <activity android:name="com.example.sisig.InventoryActivity" />
56-->src/main/AndroidManifest.xml:34:9-55
56-->src/main/AndroidManifest.xml:34:19-52
57        <activity android:name="com.example.sisig.ReportActivity" />
57-->src/main/AndroidManifest.xml:35:9-52
57-->src/main/AndroidManifest.xml:35:19-49
58        <activity android:name="com.example.sisig.SettingsActivity" />
58-->src/main/AndroidManifest.xml:36:9-54
58-->src/main/AndroidManifest.xml:36:19-51
59        <activity android:name="com.example.sisig.ResetPasswordActivity" />
59-->src/main/AndroidManifest.xml:37:9-59
59-->src/main/AndroidManifest.xml:37:19-56
60
61        <provider
61-->[androidx.emoji2:emoji2:1.3.0] AndroidManifest.xml:24:9-32:20
62            android:name="androidx.startup.InitializationProvider"
62-->[androidx.emoji2:emoji2:1.3.0] AndroidManifest.xml:25:13-67
63            android:authorities="com.example.sisig.androidx-startup"
63-->[androidx.emoji2:emoji2:1.3.0] AndroidManifest.xml:26:13-68
64            android:exported="false" >
64-->[androidx.emoji2:emoji2:1.3.0] AndroidManifest.xml:27:13-37
65            <meta-data
65-->[androidx.emoji2:emoji2:1.3.0] AndroidManifest.xml:29:13-31:52
66                android:name="androidx.emoji2.text.EmojiCompatInitializer"
66-->[androidx.emoji2:emoji2:1.3.0] AndroidManifest.xml:30:17-75
67                android:value="androidx.startup" />
67-->[androidx.emoji2:emoji2:1.3.0] AndroidManifest.xml:31:17-49
68            <meta-data
68-->[androidx.lifecycle:lifecycle-process:2.8.6] AndroidManifest.xml:29:13-31:52
69                android:name="androidx.lifecycle.ProcessLifecycleInitializer"
69-->[androidx.lifecycle:lifecycle-process:2.8.6] AndroidManifest.xml:30:17-78
70                android:value="androidx.startup" />
70-->[androidx.lifecycle:lifecycle-process:2.8.6] AndroidManifest.xml:31:17-49
71            <meta-data
71-->[androidx.profileinstaller:profileinstaller:1.3.1] AndroidManifest.xml:29:13-31:52
72                android:name="androidx.profileinstaller.ProfileInstallerInitializer"
72-->[androidx.profileinstaller:profileinstaller:1.3.1] AndroidManifest.xml:30:17-85
73                android:value="androidx.startup" />
73-->[androidx.profileinstaller:profileinstaller:1.3.1] AndroidManifest.xml:31:17-49
74        </provider>
75
76        <activity
76-->[androidx.test:core:1.6.1] AndroidManifest.xml:27:9-34:20
77            android:name="androidx.test.core.app.InstrumentationActivityInvoker$BootstrapActivity"
77-->[androidx.test:core:1.6.1] AndroidManifest.xml:28:13-99
78            android:exported="true"
78-->[androidx.test:core:1.6.1] AndroidManifest.xml:29:13-36
79            android:theme="@style/WhiteBackgroundTheme" >
79-->[androidx.test:core:1.6.1] AndroidManifest.xml:30:13-56
80            <intent-filter android:priority="-100" >
80-->[androidx.test:core:1.6.1] AndroidManifest.xml:31:13-33:29
80-->[androidx.test:core:1.6.1] AndroidManifest.xml:31:28-51
81                <category android:name="android.intent.category.LAUNCHER" />
81-->src/main/AndroidManifest.xml:28:17-77
81-->src/main/AndroidManifest.xml:28:27-74
82            </intent-filter>
83        </activity>
84        <activity
84-->[androidx.test:core:1.6.1] AndroidManifest.xml:35:9-42:20
85            android:name="androidx.test.core.app.InstrumentationActivityInvoker$EmptyActivity"
85-->[androidx.test:core:1.6.1] AndroidManifest.xml:36:13-95
86            android:exported="true"
86-->[androidx.test:core:1.6.1] AndroidManifest.xml:37:13-36
87            android:theme="@style/WhiteBackgroundTheme" >
87-->[androidx.test:core:1.6.1] AndroidManifest.xml:38:13-56
88            <intent-filter android:priority="-100" >
88-->[androidx.test:core:1.6.1] AndroidManifest.xml:31:13-33:29
88-->[androidx.test:core:1.6.1] AndroidManifest.xml:31:28-51
89                <category android:name="android.intent.category.LAUNCHER" />
89-->src/main/AndroidManifest.xml:28:17-77
89-->src/main/AndroidManifest.xml:28:27-74
90            </intent-filter>
91        </activity>
92        <activity
92-->[androidx.test:core:1.6.1] AndroidManifest.xml:43:9-50:20
93            android:name="androidx.test.core.app.InstrumentationActivityInvoker$EmptyFloatingActivity"
93-->[androidx.test:core:1.6.1] AndroidManifest.xml:44:13-103
94            android:exported="true"
94-->[androidx.test:core:1.6.1] AndroidManifest.xml:45:13-36
95            android:theme="@style/WhiteBackgroundDialogTheme" >
95-->[androidx.test:core:1.6.1] AndroidManifest.xml:46:13-62
96            <intent-filter android:priority="-100" >
96-->[androidx.test:core:1.6.1] AndroidManifest.xml:31:13-33:29
96-->[androidx.test:core:1.6.1] AndroidManifest.xml:31:28-51
97                <category android:name="android.intent.category.LAUNCHER" />
97-->src/main/AndroidManifest.xml:28:17-77
97-->src/main/AndroidManifest.xml:28:27-74
98            </intent-filter>
99        </activity>
100
101        <receiver
101-->[androidx.profileinstaller:profileinstaller:1.3.1] AndroidManifest.xml:34:9-52:20
102            android:name="androidx.profileinstaller.ProfileInstallReceiver"
102-->[androidx.profileinstaller:profileinstaller:1.3.1] AndroidManifest.xml:35:13-76
103            android:directBootAware="false"
103-->[androidx.profileinstaller:profileinstaller:1.3.1] AndroidManifest.xml:36:13-44
104            android:enabled="true"
104-->[androidx.profileinstaller:profileinstaller:1.3.1] AndroidManifest.xml:37:13-35
105            android:exported="true"
105-->[androidx.profileinstaller:profileinstaller:1.3.1] AndroidManifest.xml:38:13-36
106            android:permission="android.permission.DUMP" >
106-->[androidx.profileinstaller:profileinstaller:1.3.1] AndroidManifest.xml:39:13-57
107            <intent-filter>
107-->[androidx.profileinstaller:profileinstaller:1.3.1] AndroidManifest.xml:40:13-42:29
108                <action android:name="androidx.profileinstaller.action.INSTALL_PROFILE" />
108-->[androidx.profileinstaller:profileinstaller:1.3.1] AndroidManifest.xml:41:17-91
108-->[androidx.profileinstaller:profileinstaller:1.3.1] AndroidManifest.xml:41:25-88
109            </intent-filter>
110            <intent-filter>
110-->[androidx.profileinstaller:profileinstaller:1.3.1] AndroidManifest.xml:43:13-45:29
111                <action android:name="androidx.profileinstaller.action.SKIP_FILE" />
111-->[androidx.profileinstaller:profileinstaller:1.3.1] AndroidManifest.xml:44:17-85
111-->[androidx.profileinstaller:profileinstaller:1.3.1] AndroidManifest.xml:44:25-82
112            </intent-filter>
113            <intent-filter>
113-->[androidx.profileinstaller:profileinstaller:1.3.1] AndroidManifest.xml:46:13-48:29
114                <action android:name="androidx.profileinstaller.action.SAVE_PROFILE" />
114-->[androidx.profileinstaller:profileinstaller:1.3.1] AndroidManifest.xml:47:17-88
114-->[androidx.profileinstaller:profileinstaller:1.3.1] AndroidManifest.xml:47:25-85
115            </intent-filter>
116            <intent-filter>
116-->[androidx.profileinstaller:profileinstaller:1.3.1] AndroidManifest.xml:49:13-51:29
117                <action android:name="androidx.profileinstaller.action.BENCHMARK_OPERATION" />
117-->[androidx.profileinstaller:profileinstaller:1.3.1] AndroidManifest.xml:50:17-95
117-->[androidx.profileinstaller:profileinstaller:1.3.1] AndroidManifest.xml:50:25-92
118            </intent-filter>
119        </receiver>
120    </application>
121
122</manifest>